<!DOCTYPE html>

<html>
  <head>
  <meta charset='utf-8'>
  <title>TestNG reports</title>

    <link type="text/css" href="testng-reports1.css" rel="stylesheet" id="ultra" />
    <link type="text/css" href="testng-reports.css" rel="stylesheet" id="retro" disabled="false"/>
    <script type="text/javascript" src="jquery.min.js"></script>
    <script type="text/javascript" src="testng-reports.js"></script>
    <script type="text/javascript" src="https://www.google.com/jsapi"></script>
    <script type='text/javascript'>
      google.load('visualization', '1', {packages:['table']});
      google.setOnLoadCallback(drawTable);
      var suiteTableInitFunctions = new Array();
      var suiteTableData = new Array();
    </script>
    <!--
      <script type="text/javascript" src="jquery-ui/js/jquery-ui-1.8.16.custom.min.js"></script>
     -->
  </head>

  <body>
    <div class="top-banner-root">
      <span class="top-banner-title-font">Test results</span>
      <button id="button" class="button">Switch Retro Theme</button> <!-- button -->
      <br/>
      <span class="top-banner-font-1">1 suite, 7 failed tests</span>
    </div> <!-- top-banner-root -->
    <div class="navigator-root">
      <div class="navigator-suite-header">
        <span>All suites</span>
        <a href="#" title="Collapse/expand all the suites" class="collapse-all-link">
          <img src="collapseall.gif" class="collapse-all-icon">
          </img> <!-- collapse-all-icon -->
        </a> <!-- collapse-all-link -->
      </div> <!-- navigator-suite-header -->
      <div class="suite">
        <div class="rounded-window">
          <div class="suite-header light-rounded-window-top">
            <a href="#" panel-name="suite-Default_suite" class="navigator-link">
              <span class="suite-name border-failed">Default suite</span>
            </a> <!-- navigator-link -->
          </div> <!-- suite-header light-rounded-window-top -->
          <div class="navigator-suite-content">
            <div class="suite-section-title">
              <span>Info</span>
            </div> <!-- suite-section-title -->
            <div class="suite-section-content">
              <ul>
                <li>
                  <a href="#" panel-name="test-xml-Default_suite" class="navigator-link ">
                    <span>C:\Users\Swati_Deshwal\AppData\Local\Temp\testng-eclipse--862019649\testng-customsuite.xml</span>
                  </a> <!-- navigator-link  -->
                </li>
                <li>
                  <a href="#" panel-name="testlist-Default_suite" class="navigator-link ">
                    <span class="test-stats">1 test</span>
                  </a> <!-- navigator-link  -->
                </li>
                <li>
                  <a href="#" panel-name="group-Default_suite" class="navigator-link ">
                    <span>2 groups</span>
                  </a> <!-- navigator-link  -->
                </li>
                <li>
                  <a href="#" panel-name="times-Default_suite" class="navigator-link ">
                    <span>Times</span>
                  </a> <!-- navigator-link  -->
                </li>
                <li>
                  <a href="#" panel-name="reporter-Default_suite" class="navigator-link ">
                    <span>Reporter output</span>
                  </a> <!-- navigator-link  -->
                </li>
                <li>
                  <a href="#" panel-name="ignored-methods-Default_suite" class="navigator-link ">
                    <span>Ignored methods</span>
                  </a> <!-- navigator-link  -->
                </li>
                <li>
                  <a href="#" panel-name="chronological-Default_suite" class="navigator-link ">
                    <span>Chronological view</span>
                  </a> <!-- navigator-link  -->
                </li>
              </ul>
            </div> <!-- suite-section-content -->
            <div class="result-section">
              <div class="suite-section-title">
                <span>Results</span>
              </div> <!-- suite-section-title -->
              <div class="suite-section-content">
                <ul>
                  <li>
                    <span class="method-stats">23 methods, 7 failed,  1 skipped,  15 passed</span>
                  </li>
                  <li>
                    <span class="method-list-title failed">Failed methods</span>
                    <span class="show-or-hide-methods failed">
                      <a href="#" panel-name="suite-Default_suite" class="hide-methods failed suite-Default_suite"> (hide)</a> <!-- hide-methods failed suite-Default_suite -->
                      <a href="#" panel-name="suite-Default_suite" class="show-methods failed suite-Default_suite"> (show)</a> <!-- show-methods failed suite-Default_suite -->
                    </span>
                    <div class="method-list-content failed suite-Default_suite">
                      <span>
                        <img src="failed.png" width="3%"/>
                        <a href="#" panel-name="suite-Default_suite" title="epam.com.testautomation.testing.TestCatalogue" class="method navigator-link" hash-for-method="testARemoveNewlyAddedBook">testARemoveNewlyAddedBook</a> <!-- method navigator-link -->
                      </span>
                      <br/>
                      <span>
                        <img src="failed.png" width="3%"/>
                        <a href="#" panel-name="suite-Default_suite" title="epam.com.testautomation.testing.TestCatalogue" class="method navigator-link" hash-for-method="testAddToLibraryWithUnsupportedObject">testAddToLibraryWithUnsupportedObject</a> <!-- method navigator-link -->
                      </span>
                      <br/>
                      <span>
                        <img src="failed.png" width="3%"/>
                        <a href="#" panel-name="suite-Default_suite" title="epam.com.testautomation.testing.TestCatalogue" class="method navigator-link" hash-for-method="testCatalogueRemoveBook">testCatalogueRemoveBook</a> <!-- method navigator-link -->
                      </span>
                      <br/>
                      <span>
                        <img src="failed.png" width="3%"/>
                        <a href="#" panel-name="suite-Default_suite" title="epam.com.testautomation.testing.TestCatalogue" class="method navigator-link" hash-for-method="testCatalogueSearchByAuthorname">testCatalogueSearchByAuthorname</a> <!-- method navigator-link -->
                      </span>
                      <br/>
                      <span>
                        <img src="failed.png" width="3%"/>
                        <a href="#" panel-name="suite-Default_suite" title="epam.com.testautomation.testing.TestCatalogue" class="method navigator-link" hash-for-method="testCatalogueSearchByAuthornameWhchDoesNotExist">testCatalogueSearchByAuthornameWhchDoesNotExist</a> <!-- method navigator-link -->
                      </span>
                      <br/>
                      <span>
                        <img src="failed.png" width="3%"/>
                        <a href="#" panel-name="suite-Default_suite" title="epam.com.testautomation.testing.TestCatalogue" class="method navigator-link" hash-for-method="testCatalogueSearchByBookName">testCatalogueSearchByBookName</a> <!-- method navigator-link -->
                      </span>
                      <br/>
                      <span>
                        <img src="failed.png" width="3%"/>
                        <a href="#" panel-name="suite-Default_suite" title="epam.com.testautomation.testing.TestCatalogue" class="method navigator-link" hash-for-method="testCatalogueSearchByBookNamePara">testCatalogueSearchByBookNamePara</a> <!-- method navigator-link -->
                      </span>
                      <br/>
                    </div> <!-- method-list-content failed suite-Default_suite -->
                  </li>
                  <li>
                    <span class="method-list-title skipped">Skipped methods</span>
                    <span class="show-or-hide-methods skipped">
                      <a href="#" panel-name="suite-Default_suite" class="hide-methods skipped suite-Default_suite"> (hide)</a> <!-- hide-methods skipped suite-Default_suite -->
                      <a href="#" panel-name="suite-Default_suite" class="show-methods skipped suite-Default_suite"> (show)</a> <!-- show-methods skipped suite-Default_suite -->
                    </span>
                    <div class="method-list-content skipped suite-Default_suite">
                      <span>
                        <img src="skipped.png" width="3%"/>
                        <a href="#" panel-name="suite-Default_suite" title="epam.com.testautomation.testing.TestCatalogue" class="method navigator-link" hash-for-method="testARemoveNewlyAddedBook2">testARemoveNewlyAddedBook2</a> <!-- method navigator-link -->
                      </span>
                      <br/>
                    </div> <!-- method-list-content skipped suite-Default_suite -->
                  </li>
                  <li>
                    <span class="method-list-title passed">Passed methods</span>
                    <span class="show-or-hide-methods passed">
                      <a href="#" panel-name="suite-Default_suite" class="hide-methods passed suite-Default_suite"> (hide)</a> <!-- hide-methods passed suite-Default_suite -->
                      <a href="#" panel-name="suite-Default_suite" class="show-methods passed suite-Default_suite"> (show)</a> <!-- show-methods passed suite-Default_suite -->
                    </span>
                    <div class="method-list-content passed suite-Default_suite">
                      <span>
                        <img src="passed.png" width="3%"/>
                        <a href="#" panel-name="suite-Default_suite" title="epam.com.testautomation.testing.TestCatalogue" class="method navigator-link" hash-for-method="testAddToLibraryWithSupportedObject">testAddToLibraryWithSupportedObject</a> <!-- method navigator-link -->
                      </span>
                      <br/>
                      <span>
                        <img src="passed.png" width="3%"/>
                        <a href="#" panel-name="suite-Default_suite" title="epam.com.testautomation.testing.TestCatalogue" class="method navigator-link" hash-for-method="testCatalogueAddBook">testCatalogueAddBook</a> <!-- method navigator-link -->
                      </span>
                      <br/>
                      <span>
                        <img src="passed.png" width="3%"/>
                        <a href="#" panel-name="suite-Default_suite" title="epam.com.testautomation.testing.TestCatalogue" class="method navigator-link" hash-for-method="testCatalogueAddBooks(6, Harry Potter, J K Rowling)">testCatalogueAddBooks(6, Harry Potter, J K Rowling)</a> <!-- method navigator-link -->
                      </span>
                      <br/>
                      <span>
                        <img src="passed.png" width="3%"/>
                        <a href="#" panel-name="suite-Default_suite" title="epam.com.testautomation.testing.TestCatalogue" class="method navigator-link" hash-for-method="testCatalogueAddBooks(12, Arthshashtra, Kautilaya)">testCatalogueAddBooks(12, Arthshashtra, Kautilaya)</a> <!-- method navigator-link -->
                      </span>
                      <br/>
                      <span>
                        <img src="passed.png" width="3%"/>
                        <a href="#" panel-name="suite-Default_suite" title="epam.com.testautomation.testing.TestCatalogue" class="method navigator-link" hash-for-method="testCatalogueAddBooks(14, ã‚«ã‚¦ãƒ†ã‚£ãƒ©ãƒ¤, ã‚«ã‚¦ãƒ†ã‚£ãƒ©ãƒ¤)">testCatalogueAddBooks(14, ã‚«ã‚¦ãƒ†ã‚£ãƒ©ãƒ¤, ã‚«ã‚¦ãƒ†ã‚£ãƒ©ãƒ¤)</a> <!-- method navigator-link -->
                      </span>
                      <br/>
                      <span>
                        <img src="passed.png" width="3%"/>
                        <a href="#" panel-name="suite-Default_suite" title="epam.com.testautomation.testing.TestCatalogue" class="method navigator-link" hash-for-method="testCatalogueAddBooks(9, Psycology of Money, Morgan)">testCatalogueAddBooks(9, Psycology of Money, Morgan)</a> <!-- method navigator-link -->
                      </span>
                      <br/>
                      <span>
                        <img src="passed.png" width="3%"/>
                        <a href="#" panel-name="suite-Default_suite" title="epam.com.testautomation.testing.TestCatalogue" class="method navigator-link" hash-for-method="testCatalogueAddBooks(11, Zero to One, Peter)">testCatalogueAddBooks(11, Zero to One, Peter)</a> <!-- method navigator-link -->
                      </span>
                      <br/>
                      <span>
                        <img src="passed.png" width="3%"/>
                        <a href="#" panel-name="suite-Default_suite" title="epam.com.testautomation.testing.TestCatalogue" class="method navigator-link" hash-for-method="testCatalogueAddBooks(8, Believe, Suresh Raina)">testCatalogueAddBooks(8, Believe, Suresh Raina)</a> <!-- method navigator-link -->
                      </span>
                      <br/>
                      <span>
                        <img src="passed.png" width="3%"/>
                        <a href="#" panel-name="suite-Default_suite" title="epam.com.testautomation.testing.TestCatalogue" class="method navigator-link" hash-for-method="testCatalogueAddBooks(epam.com.testautomation.testing.Book@359df09a)">testCatalogueAddBooks(epam.com.testautomation.testing.Book@359df09a)</a> <!-- method navigator-link -->
                      </span>
                      <br/>
                      <span>
                        <img src="passed.png" width="3%"/>
                        <a href="#" panel-name="suite-Default_suite" title="epam.com.testautomation.testing.TestCatalogue" class="method navigator-link" hash-for-method="testCatalogueAddBooks(15, è€ƒææ‹‰äºž, è€ƒææ‹‰äºž)">testCatalogueAddBooks(15, è€ƒææ‹‰äºž, è€ƒææ‹‰äºž)</a> <!-- method navigator-link -->
                      </span>
                      <br/>
                      <span>
                        <img src="passed.png" width="3%"/>
                        <a href="#" panel-name="suite-Default_suite" title="epam.com.testautomation.testing.TestCatalogue" class="method navigator-link" hash-for-method="testCatalogueAddBooks(10, Rich Dad Poor Dad, Robert)">testCatalogueAddBooks(10, Rich Dad Poor Dad, Robert)</a> <!-- method navigator-link -->
                      </span>
                      <br/>
                      <span>
                        <img src="passed.png" width="3%"/>
                        <a href="#" panel-name="suite-Default_suite" title="epam.com.testautomation.testing.TestCatalogue" class="method navigator-link" hash-for-method="testCatalogueAddBooks(13, ×›× ×¤×™ ××©, ×§××•×˜×™×œ×™×”)">testCatalogueAddBooks(13, ×›× ×¤×™ ××©, ×§××•×˜×™×œ×™×”)</a> <!-- method navigator-link -->
                      </span>
                      <br/>
                      <span>
                        <img src="passed.png" width="3%"/>
                        <a href="#" panel-name="suite-Default_suite" title="epam.com.testautomation.testing.TestCatalogue" class="method navigator-link" hash-for-method="testCatalogueAddBooks(7, wings of Fire, APJ Kalam)">testCatalogueAddBooks(7, wings of Fire, APJ Kalam)</a> <!-- method navigator-link -->
                      </span>
                      <br/>
                      <span>
                        <img src="passed.png" width="3%"/>
                        <a href="#" panel-name="suite-Default_suite" title="epam.com.testautomation.testing.TestCatalogue" class="method navigator-link" hash-for-method="testCatalogueRemoveNonExistingBook">testCatalogueRemoveNonExistingBook</a> <!-- method navigator-link -->
                      </span>
                      <br/>
                      <span>
                        <img src="passed.png" width="3%"/>
                        <a href="#" panel-name="suite-Default_suite" title="epam.com.testautomation.testing.TestCatalogue" class="method navigator-link" hash-for-method="testCatalogueSearchByBookNamewhichDoesNotExist">testCatalogueSearchByBookNamewhichDoesNotExist</a> <!-- method navigator-link -->
                      </span>
                      <br/>
                    </div> <!-- method-list-content passed suite-Default_suite -->
                  </li>
                </ul>
              </div> <!-- suite-section-content -->
            </div> <!-- result-section -->
          </div> <!-- navigator-suite-content -->
        </div> <!-- rounded-window -->
      </div> <!-- suite -->
    </div> <!-- navigator-root -->
    <div class="wrapper">
      <div class="main-panel-root">
        <div panel-name="suite-Default_suite" class="panel Default_suite">
          <div class="suite-Default_suite-class-failed">
            <div class="main-panel-header rounded-window-top">
              <img src="failed.png"/>
              <span class="class-name">epam.com.testautomation.testing.TestCatalogue</span>
            </div> <!-- main-panel-header rounded-window-top -->
            <div class="main-panel-content rounded-window-bottom">
              <div class="method">
                <div class="method-content">
                  <a name="testARemoveNewlyAddedBook">
                  </a> <!-- testARemoveNewlyAddedBook -->
                  <span class="method-name">testARemoveNewlyAddedBook</span>
                  <div class="stack-trace">java.lang.AssertionError: expected [-1] but found [0]
	at org.testng.Assert.fail(Assert.java:110)
	at org.testng.Assert.failNotEquals(Assert.java:1413)
	at org.testng.Assert.assertEqualsImpl(Assert.java:149)
	at org.testng.Assert.assertEquals(Assert.java:131)
	at org.testng.Assert.assertEquals(Assert.java:1240)
	at org.testng.Assert.assertEquals(Assert.java:1274)
	at epam.com.testautomation.testing.TestCatalogue.testARemoveNewlyAddedBook(TestCatalogue.java:153)
	at java.base/jdk.internal.reflect.NativeMethodAccessorImpl.invoke0(Native Method)
	at java.base/jdk.internal.reflect.NativeMethodAccessorImpl.invoke(NativeMethodAccessorImpl.java:77)
	at java.base/jdk.internal.reflect.DelegatingMethodAccessorImpl.invoke(DelegatingMethodAccessorImpl.java:43)
	at java.base/java.lang.reflect.Method.invoke(Method.java:568)
	at org.testng.internal.invokers.MethodInvocationHelper.invokeMethod(MethodInvocationHelper.java:135)
	at org.testng.internal.invokers.TestInvoker.invokeMethod(TestInvoker.java:673)
	at org.testng.internal.invokers.TestInvoker.invokeTestMethod(TestInvoker.java:220)
	at org.testng.internal.invokers.MethodRunner.runInSequence(MethodRunner.java:50)
	at org.testng.internal.invokers.TestInvoker$MethodInvocationAgent.invoke(TestInvoker.java:945)
	at org.testng.internal.invokers.TestInvoker.invokeTestMethods(TestInvoker.java:193)
	at org.testng.internal.invokers.TestMethodWorker.invokeTestMethods(TestMethodWorker.java:146)
	at org.testng.internal.invokers.TestMethodWorker.run(TestMethodWorker.java:128)
	at java.base/java.util.ArrayList.forEach(ArrayList.java:1511)
	at org.testng.TestRunner.privateRun(TestRunner.java:808)
	at org.testng.TestRunner.run(TestRunner.java:603)
	at org.testng.SuiteRunner.runTest(SuiteRunner.java:429)
	at org.testng.SuiteRunner.runSequentially(SuiteRunner.java:423)
	at org.testng.SuiteRunner.privateRun(SuiteRunner.java:383)
	at org.testng.SuiteRunner.run(SuiteRunner.java:326)
	at org.testng.SuiteRunnerWorker.runSuite(SuiteRunnerWorker.java:52)
	at org.testng.SuiteRunnerWorker.run(SuiteRunnerWorker.java:95)
	at org.testng.TestNG.runSuitesSequentially(TestNG.java:1249)
	at org.testng.TestNG.runSuitesLocally(TestNG.java:1169)
	at org.testng.TestNG.runSuites(TestNG.java:1092)
	at org.testng.TestNG.run(TestNG.java:1060)
	at org.testng.remote.AbstractRemoteTestNG.run(AbstractRemoteTestNG.java:115)
	at org.testng.remote.RemoteTestNG.initAndRun(RemoteTestNG.java:251)
	at org.testng.remote.RemoteTestNG.main(RemoteTestNG.java:77)

</div> <!-- stack-trace -->
                </div> <!-- method-content -->
              </div> <!-- method -->
              <div class="method">
                <div class="method-content">
                  <a name="testAddToLibraryWithUnsupportedObject">
                  </a> <!-- testAddToLibraryWithUnsupportedObject -->
                  <span class="method-name">testAddToLibraryWithUnsupportedObject</span>
                  <div class="stack-trace">org.testng.TestException: 
Expected exception of type class epam.com.testautomation.testing.LibraryObject but got java.lang.Exception
	at org.testng.internal.invokers.ExpectedExceptionsHolder.wrongException(ExpectedExceptionsHolder.java:67)
	at org.testng.internal.invokers.TestInvoker.considerExceptions(TestInvoker.java:843)
	at org.testng.internal.invokers.TestInvoker.invokeMethod(TestInvoker.java:714)
	at org.testng.internal.invokers.TestInvoker.invokeTestMethod(TestInvoker.java:220)
	at org.testng.internal.invokers.MethodRunner.runInSequence(MethodRunner.java:50)
	at org.testng.internal.invokers.TestInvoker$MethodInvocationAgent.invoke(TestInvoker.java:945)
	at org.testng.internal.invokers.TestInvoker.invokeTestMethods(TestInvoker.java:193)
	at org.testng.internal.invokers.TestMethodWorker.invokeTestMethods(TestMethodWorker.java:146)
	at org.testng.internal.invokers.TestMethodWorker.run(TestMethodWorker.java:128)
	at java.base/java.util.ArrayList.forEach(ArrayList.java:1511)
	at org.testng.TestRunner.privateRun(TestRunner.java:808)
	at org.testng.TestRunner.run(TestRunner.java:603)
	at org.testng.SuiteRunner.runTest(SuiteRunner.java:429)
	at org.testng.SuiteRunner.runSequentially(SuiteRunner.java:423)
	at org.testng.SuiteRunner.privateRun(SuiteRunner.java:383)
	at org.testng.SuiteRunner.run(SuiteRunner.java:326)
	at org.testng.SuiteRunnerWorker.runSuite(SuiteRunnerWorker.java:52)
	at org.testng.SuiteRunnerWorker.run(SuiteRunnerWorker.java:95)
	at org.testng.TestNG.runSuitesSequentially(TestNG.java:1249)
	at org.testng.TestNG.runSuitesLocally(TestNG.java:1169)
	at org.testng.TestNG.runSuites(TestNG.java:1092)
	at org.testng.TestNG.run(TestNG.java:1060)
	at org.testng.remote.AbstractRemoteTestNG.run(AbstractRemoteTestNG.java:115)
	at org.testng.remote.RemoteTestNG.initAndRun(RemoteTestNG.java:251)
	at org.testng.remote.RemoteTestNG.main(RemoteTestNG.java:77)
Caused by: java.lang.Exception
	at epam.com.testautomation.testing.Catalogue.addToLibrary(Catalogue.java:40)
	at epam.com.testautomation.testing.TestCatalogue.testAddToLibraryWithUnsupportedObject(TestCatalogue.java:138)
	at java.base/jdk.internal.reflect.NativeMethodAccessorImpl.invoke0(Native Method)
	at java.base/jdk.internal.reflect.NativeMethodAccessorImpl.invoke(NativeMethodAccessorImpl.java:77)
	at java.base/jdk.internal.reflect.DelegatingMethodAccessorImpl.invoke(DelegatingMethodAccessorImpl.java:43)
	at java.base/java.lang.reflect.Method.invoke(Method.java:568)
	at org.testng.internal.invokers.MethodInvocationHelper.invokeMethod(MethodInvocationHelper.java:135)
	at org.testng.internal.invokers.TestInvoker.invokeMethod(TestInvoker.java:673)
	... 22 more

</div> <!-- stack-trace -->
                </div> <!-- method-content -->
              </div> <!-- method -->
              <div class="method">
                <div class="method-content">
                  <a name="testCatalogueRemoveBook">
                  </a> <!-- testCatalogueRemoveBook -->
                  <span class="method-name">testCatalogueRemoveBook</span>
                  <div class="stack-trace">java.lang.AssertionError: expected [15] but found [0]
	at org.testng.Assert.fail(Assert.java:110)
	at org.testng.Assert.failNotEquals(Assert.java:1413)
	at org.testng.Assert.assertEqualsImpl(Assert.java:149)
	at org.testng.Assert.assertEquals(Assert.java:131)
	at org.testng.Assert.assertEquals(Assert.java:1240)
	at org.testng.Assert.assertEquals(Assert.java:1274)
	at epam.com.testautomation.testing.TestCatalogue.testCatalogueRemoveBook(TestCatalogue.java:62)
	at java.base/jdk.internal.reflect.NativeMethodAccessorImpl.invoke0(Native Method)
	at java.base/jdk.internal.reflect.NativeMethodAccessorImpl.invoke(NativeMethodAccessorImpl.java:77)
	at java.base/jdk.internal.reflect.DelegatingMethodAccessorImpl.invoke(DelegatingMethodAccessorImpl.java:43)
	at java.base/java.lang.reflect.Method.invoke(Method.java:568)
	at org.testng.internal.invokers.MethodInvocationHelper.invokeMethod(MethodInvocationHelper.java:135)
	at org.testng.internal.invokers.TestInvoker.invokeMethod(TestInvoker.java:673)
	at org.testng.internal.invokers.TestInvoker.invokeTestMethod(TestInvoker.java:220)
	at org.testng.internal.invokers.MethodRunner.runInSequence(MethodRunner.java:50)
	at org.testng.internal.invokers.TestInvoker$MethodInvocationAgent.invoke(TestInvoker.java:945)
	at org.testng.internal.invokers.TestInvoker.invokeTestMethods(TestInvoker.java:193)
	at org.testng.internal.invokers.TestMethodWorker.invokeTestMethods(TestMethodWorker.java:146)
	at org.testng.internal.invokers.TestMethodWorker.run(TestMethodWorker.java:128)
	at java.base/java.util.ArrayList.forEach(ArrayList.java:1511)
	at org.testng.TestRunner.privateRun(TestRunner.java:808)
	at org.testng.TestRunner.run(TestRunner.java:603)
	at org.testng.SuiteRunner.runTest(SuiteRunner.java:429)
	at org.testng.SuiteRunner.runSequentially(SuiteRunner.java:423)
	at org.testng.SuiteRunner.privateRun(SuiteRunner.java:383)
	at org.testng.SuiteRunner.run(SuiteRunner.java:326)
	at org.testng.SuiteRunnerWorker.runSuite(SuiteRunnerWorker.java:52)
	at org.testng.SuiteRunnerWorker.run(SuiteRunnerWorker.java:95)
	at org.testng.TestNG.runSuitesSequentially(TestNG.java:1249)
	at org.testng.TestNG.runSuitesLocally(TestNG.java:1169)
	at org.testng.TestNG.runSuites(TestNG.java:1092)
	at org.testng.TestNG.run(TestNG.java:1060)
	at org.testng.remote.AbstractRemoteTestNG.run(AbstractRemoteTestNG.java:115)
	at org.testng.remote.RemoteTestNG.initAndRun(RemoteTestNG.java:251)
	at org.testng.remote.RemoteTestNG.main(RemoteTestNG.java:77)

</div> <!-- stack-trace -->
                </div> <!-- method-content -->
              </div> <!-- method -->
              <div class="method">
                <div class="method-content">
                  <a name="testCatalogueSearchByAuthorname">
                  </a> <!-- testCatalogueSearchByAuthorname -->
                  <span class="method-name">testCatalogueSearchByAuthorname</span>
                  <div class="stack-trace">java.lang.NullPointerException: Cannot invoke &quot;String.contains(java.lang.CharSequence)&quot; because the return value of &quot;epam.com.testautomation.testing.Book.getNameOfTheBook()&quot; is null
	at epam.com.testautomation.testing.Catalogue.searchBook(Catalogue.java:29)
	at epam.com.testautomation.testing.TestCatalogue.testCatalogueSearchByAuthorname(TestCatalogue.java:98)
	at java.base/jdk.internal.reflect.NativeMethodAccessorImpl.invoke0(Native Method)
	at java.base/jdk.internal.reflect.NativeMethodAccessorImpl.invoke(NativeMethodAccessorImpl.java:77)
	at java.base/jdk.internal.reflect.DelegatingMethodAccessorImpl.invoke(DelegatingMethodAccessorImpl.java:43)
	at java.base/java.lang.reflect.Method.invoke(Method.java:568)
	at org.testng.internal.invokers.MethodInvocationHelper.invokeMethod(MethodInvocationHelper.java:135)
	at org.testng.internal.invokers.TestInvoker.invokeMethod(TestInvoker.java:673)
	at org.testng.internal.invokers.TestInvoker.invokeTestMethod(TestInvoker.java:220)
	at org.testng.internal.invokers.MethodRunner.runInSequence(MethodRunner.java:50)
	at org.testng.internal.invokers.TestInvoker$MethodInvocationAgent.invoke(TestInvoker.java:945)
	at org.testng.internal.invokers.TestInvoker.invokeTestMethods(TestInvoker.java:193)
	at org.testng.internal.invokers.TestMethodWorker.invokeTestMethods(TestMethodWorker.java:146)
	at org.testng.internal.invokers.TestMethodWorker.run(TestMethodWorker.java:128)
	at java.base/java.util.ArrayList.forEach(ArrayList.java:1511)
	at org.testng.TestRunner.privateRun(TestRunner.java:808)
	at org.testng.TestRunner.run(TestRunner.java:603)
	at org.testng.SuiteRunner.runTest(SuiteRunner.java:429)
	at org.testng.SuiteRunner.runSequentially(SuiteRunner.java:423)
	at org.testng.SuiteRunner.privateRun(SuiteRunner.java:383)
	at org.testng.SuiteRunner.run(SuiteRunner.java:326)
	at org.testng.SuiteRunnerWorker.runSuite(SuiteRunnerWorker.java:52)
	at org.testng.SuiteRunnerWorker.run(SuiteRunnerWorker.java:95)
	at org.testng.TestNG.runSuitesSequentially(TestNG.java:1249)
	at org.testng.TestNG.runSuitesLocally(TestNG.java:1169)
	at org.testng.TestNG.runSuites(TestNG.java:1092)
	at org.testng.TestNG.run(TestNG.java:1060)
	at org.testng.remote.AbstractRemoteTestNG.run(AbstractRemoteTestNG.java:115)
	at org.testng.remote.RemoteTestNG.initAndRun(RemoteTestNG.java:251)
	at org.testng.remote.RemoteTestNG.main(RemoteTestNG.java:77)

</div> <!-- stack-trace -->
                </div> <!-- method-content -->
              </div> <!-- method -->
              <div class="method">
                <div class="method-content">
                  <a name="testCatalogueSearchByAuthornameWhchDoesNotExist">
                  </a> <!-- testCatalogueSearchByAuthornameWhchDoesNotExist -->
                  <span class="method-name">testCatalogueSearchByAuthornameWhchDoesNotExist</span>
                  <div class="stack-trace">java.lang.NullPointerException: Cannot invoke &quot;String.contains(java.lang.CharSequence)&quot; because the return value of &quot;epam.com.testautomation.testing.Book.getNameOfTheBook()&quot; is null
	at epam.com.testautomation.testing.Catalogue.searchBook(Catalogue.java:29)
	at epam.com.testautomation.testing.TestCatalogue.testCatalogueSearchByAuthornameWhchDoesNotExist(TestCatalogue.java:107)
	at java.base/jdk.internal.reflect.NativeMethodAccessorImpl.invoke0(Native Method)
	at java.base/jdk.internal.reflect.NativeMethodAccessorImpl.invoke(NativeMethodAccessorImpl.java:77)
	at java.base/jdk.internal.reflect.DelegatingMethodAccessorImpl.invoke(DelegatingMethodAccessorImpl.java:43)
	at java.base/java.lang.reflect.Method.invoke(Method.java:568)
	at org.testng.internal.invokers.MethodInvocationHelper.invokeMethod(MethodInvocationHelper.java:135)
	at org.testng.internal.invokers.TestInvoker.invokeMethod(TestInvoker.java:673)
	at org.testng.internal.invokers.TestInvoker.invokeTestMethod(TestInvoker.java:220)
	at org.testng.internal.invokers.MethodRunner.runInSequence(MethodRunner.java:50)
	at org.testng.internal.invokers.TestInvoker$MethodInvocationAgent.invoke(TestInvoker.java:945)
	at org.testng.internal.invokers.TestInvoker.invokeTestMethods(TestInvoker.java:193)
	at org.testng.internal.invokers.TestMethodWorker.invokeTestMethods(TestMethodWorker.java:146)
	at org.testng.internal.invokers.TestMethodWorker.run(TestMethodWorker.java:128)
	at java.base/java.util.ArrayList.forEach(ArrayList.java:1511)
	at org.testng.TestRunner.privateRun(TestRunner.java:808)
	at org.testng.TestRunner.run(TestRunner.java:603)
	at org.testng.SuiteRunner.runTest(SuiteRunner.java:429)
	at org.testng.SuiteRunner.runSequentially(SuiteRunner.java:423)
	at org.testng.SuiteRunner.privateRun(SuiteRunner.java:383)
	at org.testng.SuiteRunner.run(SuiteRunner.java:326)
	at org.testng.SuiteRunnerWorker.runSuite(SuiteRunnerWorker.java:52)
	at org.testng.SuiteRunnerWorker.run(SuiteRunnerWorker.java:95)
	at org.testng.TestNG.runSuitesSequentially(TestNG.java:1249)
	at org.testng.TestNG.runSuitesLocally(TestNG.java:1169)
	at org.testng.TestNG.runSuites(TestNG.java:1092)
	at org.testng.TestNG.run(TestNG.java:1060)
	at org.testng.remote.AbstractRemoteTestNG.run(AbstractRemoteTestNG.java:115)
	at org.testng.remote.RemoteTestNG.initAndRun(RemoteTestNG.java:251)
	at org.testng.remote.RemoteTestNG.main(RemoteTestNG.java:77)

</div> <!-- stack-trace -->
                </div> <!-- method-content -->
              </div> <!-- method -->
              <div class="method">
                <div class="method-content">
                  <a name="testCatalogueSearchByBookName">
                  </a> <!-- testCatalogueSearchByBookName -->
                  <span class="method-name">testCatalogueSearchByBookName</span>
                  <div class="stack-trace">java.lang.NullPointerException: Cannot invoke &quot;String.contains(java.lang.CharSequence)&quot; because the return value of &quot;epam.com.testautomation.testing.Book.getNameOfTheBook()&quot; is null
	at epam.com.testautomation.testing.Catalogue.searchBook(Catalogue.java:29)
	at epam.com.testautomation.testing.TestCatalogue.testCatalogueSearchByBookName(TestCatalogue.java:80)
	at java.base/jdk.internal.reflect.NativeMethodAccessorImpl.invoke0(Native Method)
	at java.base/jdk.internal.reflect.NativeMethodAccessorImpl.invoke(NativeMethodAccessorImpl.java:77)
	at java.base/jdk.internal.reflect.DelegatingMethodAccessorImpl.invoke(DelegatingMethodAccessorImpl.java:43)
	at java.base/java.lang.reflect.Method.invoke(Method.java:568)
	at org.testng.internal.invokers.MethodInvocationHelper.invokeMethod(MethodInvocationHelper.java:135)
	at org.testng.internal.invokers.TestInvoker.invokeMethod(TestInvoker.java:673)
	at org.testng.internal.invokers.TestInvoker.invokeTestMethod(TestInvoker.java:220)
	at org.testng.internal.invokers.MethodRunner.runInSequence(MethodRunner.java:50)
	at org.testng.internal.invokers.TestInvoker$MethodInvocationAgent.invoke(TestInvoker.java:945)
	at org.testng.internal.invokers.TestInvoker.invokeTestMethods(TestInvoker.java:193)
	at org.testng.internal.invokers.TestMethodWorker.invokeTestMethods(TestMethodWorker.java:146)
	at org.testng.internal.invokers.TestMethodWorker.run(TestMethodWorker.java:128)
	at java.base/java.util.ArrayList.forEach(ArrayList.java:1511)
	at org.testng.TestRunner.privateRun(TestRunner.java:808)
	at org.testng.TestRunner.run(TestRunner.java:603)
	at org.testng.SuiteRunner.runTest(SuiteRunner.java:429)
	at org.testng.SuiteRunner.runSequentially(SuiteRunner.java:423)
	at org.testng.SuiteRunner.privateRun(SuiteRunner.java:383)
	at org.testng.SuiteRunner.run(SuiteRunner.java:326)
	at org.testng.SuiteRunnerWorker.runSuite(SuiteRunnerWorker.java:52)
	at org.testng.SuiteRunnerWorker.run(SuiteRunnerWorker.java:95)
	at org.testng.TestNG.runSuitesSequentially(TestNG.java:1249)
	at org.testng.TestNG.runSuitesLocally(TestNG.java:1169)
	at org.testng.TestNG.runSuites(TestNG.java:1092)
	at org.testng.TestNG.run(TestNG.java:1060)
	at org.testng.remote.AbstractRemoteTestNG.run(AbstractRemoteTestNG.java:115)
	at org.testng.remote.RemoteTestNG.initAndRun(RemoteTestNG.java:251)
	at org.testng.remote.RemoteTestNG.main(RemoteTestNG.java:77)

</div> <!-- stack-trace -->
                </div> <!-- method-content -->
              </div> <!-- method -->
              <div class="method">
                <div class="method-content">
                  <a name="testCatalogueSearchByBookNamePara">
                  </a> <!-- testCatalogueSearchByBookNamePara -->
                  <span class="method-name">testCatalogueSearchByBookNamePara</span>
                  <div class="stack-trace">org.testng.TestNGException: 
Parameter &apos;searchStr&apos; is required by @Test on method testCatalogueSearchByBookNamePara but has not been marked @Optional or defined
in C:\Users\Swati_Deshwal\AppData\Local\Temp\testng-eclipse--862019649\testng-customsuite.xml
	at org.testng.internal.Parameters.createParams(Parameters.java:267)
	at org.testng.internal.Parameters.createParametersForMethod(Parameters.java:355)
	at org.testng.internal.Parameters.createParameters(Parameters.java:660)
	at org.testng.internal.Parameters.handleParameters(Parameters.java:856)
	at org.testng.internal.Parameters.handleParameters(Parameters.java:704)
	at org.testng.internal.invokers.ParameterHandler.handleParameters(ParameterHandler.java:70)
	at org.testng.internal.invokers.ParameterHandler.createParameters(ParameterHandler.java:49)
	at org.testng.internal.invokers.TestInvoker$MethodInvocationAgent.invoke(TestInvoker.java:904)
	at org.testng.internal.invokers.TestInvoker.invokeTestMethods(TestInvoker.java:193)
	at org.testng.internal.invokers.TestMethodWorker.invokeTestMethods(TestMethodWorker.java:146)
	at org.testng.internal.invokers.TestMethodWorker.run(TestMethodWorker.java:128)
	at java.base/java.util.ArrayList.forEach(ArrayList.java:1511)
	at org.testng.TestRunner.privateRun(TestRunner.java:808)
	at org.testng.TestRunner.run(TestRunner.java:603)
	at org.testng.SuiteRunner.runTest(SuiteRunner.java:429)
	at org.testng.SuiteRunner.runSequentially(SuiteRunner.java:423)
	at org.testng.SuiteRunner.privateRun(SuiteRunner.java:383)
	at org.testng.SuiteRunner.run(SuiteRunner.java:326)
	at org.testng.SuiteRunnerWorker.runSuite(SuiteRunnerWorker.java:52)
	at org.testng.SuiteRunnerWorker.run(SuiteRunnerWorker.java:95)
	at org.testng.TestNG.runSuitesSequentially(TestNG.java:1249)
	at org.testng.TestNG.runSuitesLocally(TestNG.java:1169)
	at org.testng.TestNG.runSuites(TestNG.java:1092)
	at org.testng.TestNG.run(TestNG.java:1060)
	at org.testng.remote.AbstractRemoteTestNG.run(AbstractRemoteTestNG.java:115)
	at org.testng.remote.RemoteTestNG.initAndRun(RemoteTestNG.java:251)
	at org.testng.remote.RemoteTestNG.main(RemoteTestNG.java:77)

</div> <!-- stack-trace -->
                </div> <!-- method-content -->
              </div> <!-- method -->
            </div> <!-- main-panel-content rounded-window-bottom -->
          </div> <!-- suite-Default_suite-class-failed -->
          <div class="suite-Default_suite-class-skipped">
            <div class="main-panel-header rounded-window-top">
              <img src="skipped.png"/>
              <span class="class-name">epam.com.testautomation.testing.TestCatalogue</span>
            </div> <!-- main-panel-header rounded-window-top -->
            <div class="main-panel-content rounded-window-bottom">
              <div class="method">
                <div class="method-content">
                  <a name="testARemoveNewlyAddedBook2">
                  </a> <!-- testARemoveNewlyAddedBook2 -->
                  <span class="method-name">testARemoveNewlyAddedBook2</span>
                  <div class="stack-trace">java.lang.Throwable: Method TestCatalogue.testARemoveNewlyAddedBook2()[pri:0, instance:epam.com.testautomation.testing.TestCatalogue@69997e9d] depends on not successfully finished methods in group &quot;basicOperation&quot;
	at org.testng.internal.invokers.TestInvoker.invokeTestMethods(TestInvoker.java:149)
	at org.testng.internal.invokers.TestMethodWorker.invokeTestMethods(TestMethodWorker.java:146)
	at org.testng.internal.invokers.TestMethodWorker.run(TestMethodWorker.java:128)
	at java.base/java.util.ArrayList.forEach(ArrayList.java:1511)
	at org.testng.TestRunner.privateRun(TestRunner.java:808)
	at org.testng.TestRunner.run(TestRunner.java:603)
	at org.testng.SuiteRunner.runTest(SuiteRunner.java:429)
	at org.testng.SuiteRunner.runSequentially(SuiteRunner.java:423)
	at org.testng.SuiteRunner.privateRun(SuiteRunner.java:383)
	at org.testng.SuiteRunner.run(SuiteRunner.java:326)
	at org.testng.SuiteRunnerWorker.runSuite(SuiteRunnerWorker.java:52)
	at org.testng.SuiteRunnerWorker.run(SuiteRunnerWorker.java:95)
	at org.testng.TestNG.runSuitesSequentially(TestNG.java:1249)
	at org.testng.TestNG.runSuitesLocally(TestNG.java:1169)
	at org.testng.TestNG.runSuites(TestNG.java:1092)
	at org.testng.TestNG.run(TestNG.java:1060)
	at org.testng.remote.AbstractRemoteTestNG.run(AbstractRemoteTestNG.java:115)
	at org.testng.remote.RemoteTestNG.initAndRun(RemoteTestNG.java:251)
	at org.testng.remote.RemoteTestNG.main(RemoteTestNG.java:77)

</div> <!-- stack-trace -->
                </div> <!-- method-content -->
              </div> <!-- method -->
            </div> <!-- main-panel-content rounded-window-bottom -->
          </div> <!-- suite-Default_suite-class-skipped -->
          <div class="suite-Default_suite-class-passed">
            <div class="main-panel-header rounded-window-top">
              <img src="passed.png"/>
              <span class="class-name">epam.com.testautomation.testing.TestCatalogue</span>
            </div> <!-- main-panel-header rounded-window-top -->
            <div class="main-panel-content rounded-window-bottom">
              <div class="method">
                <div class="method-content">
                  <a name="testAddToLibraryWithSupportedObject">
                  </a> <!-- testAddToLibraryWithSupportedObject -->
                  <span class="method-name">testAddToLibraryWithSupportedObject</span>
                </div> <!-- method-content -->
              </div> <!-- method -->
              <div class="method">
                <div class="method-content">
                  <a name="testCatalogueAddBook">
                  </a> <!-- testCatalogueAddBook -->
                  <span class="method-name">testCatalogueAddBook</span>
                </div> <!-- method-content -->
              </div> <!-- method -->
              <div class="method">
                <div class="method-content">
                  <a name="testCatalogueAddBooks(6, Harry Potter, J K Rowling)">
                  </a> <!-- testCatalogueAddBooks(6, Harry Potter, J K Rowling) -->
                  <span class="method-name">testCatalogueAddBooks</span>
                  <span class="parameters">(6, Harry Potter, J K Rowling)</span>
                </div> <!-- method-content -->
              </div> <!-- method -->
              <div class="method">
                <div class="method-content">
                  <a name="testCatalogueAddBooks(12, Arthshashtra, Kautilaya)">
                  </a> <!-- testCatalogueAddBooks(12, Arthshashtra, Kautilaya) -->
                  <span class="method-name">testCatalogueAddBooks</span>
                  <span class="parameters">(12, Arthshashtra, Kautilaya)</span>
                </div> <!-- method-content -->
              </div> <!-- method -->
              <div class="method">
                <div class="method-content">
                  <a name="testCatalogueAddBooks(14, ã‚«ã‚¦ãƒ†ã‚£ãƒ©ãƒ¤, ã‚«ã‚¦ãƒ†ã‚£ãƒ©ãƒ¤)">
                  </a> <!-- testCatalogueAddBooks(14, ã‚«ã‚¦ãƒ†ã‚£ãƒ©ãƒ¤, ã‚«ã‚¦ãƒ†ã‚£ãƒ©ãƒ¤) -->
                  <span class="method-name">testCatalogueAddBooks</span>
                  <span class="parameters">(14, ã‚«ã‚¦ãƒ†ã‚£ãƒ©ãƒ¤, ã‚«ã‚¦ãƒ†ã‚£ãƒ©ãƒ¤)</span>
                </div> <!-- method-content -->
              </div> <!-- method -->
              <div class="method">
                <div class="method-content">
                  <a name="testCatalogueAddBooks(9, Psycology of Money, Morgan)">
                  </a> <!-- testCatalogueAddBooks(9, Psycology of Money, Morgan) -->
                  <span class="method-name">testCatalogueAddBooks</span>
                  <span class="parameters">(9, Psycology of Money, Morgan)</span>
                </div> <!-- method-content -->
              </div> <!-- method -->
              <div class="method">
                <div class="method-content">
                  <a name="testCatalogueAddBooks(11, Zero to One, Peter)">
                  </a> <!-- testCatalogueAddBooks(11, Zero to One, Peter) -->
                  <span class="method-name">testCatalogueAddBooks</span>
                  <span class="parameters">(11, Zero to One, Peter)</span>
                </div> <!-- method-content -->
              </div> <!-- method -->
              <div class="method">
                <div class="method-content">
                  <a name="testCatalogueAddBooks(8, Believe, Suresh Raina)">
                  </a> <!-- testCatalogueAddBooks(8, Believe, Suresh Raina) -->
                  <span class="method-name">testCatalogueAddBooks</span>
                  <span class="parameters">(8, Believe, Suresh Raina)</span>
                </div> <!-- method-content -->
              </div> <!-- method -->
              <div class="method">
                <div class="method-content">
                  <a name="testCatalogueAddBooks(epam.com.testautomation.testing.Book@359df09a)">
                  </a> <!-- testCatalogueAddBooks(epam.com.testautomation.testing.Book@359df09a) -->
                  <span class="method-name">testCatalogueAddBooks</span>
                  <span class="parameters">(epam.com.testautomation.testing.Book@359df09a)</span>
                </div> <!-- method-content -->
              </div> <!-- method -->
              <div class="method">
                <div class="method-content">
                  <a name="testCatalogueAddBooks(15, è€ƒææ‹‰äºž, è€ƒææ‹‰äºž)">
                  </a> <!-- testCatalogueAddBooks(15, è€ƒææ‹‰äºž, è€ƒææ‹‰äºž) -->
                  <span class="method-name">testCatalogueAddBooks</span>
                  <span class="parameters">(15, è€ƒææ‹‰äºž, è€ƒææ‹‰äºž)</span>
                </div> <!-- method-content -->
              </div> <!-- method -->
              <div class="method">
                <div class="method-content">
                  <a name="testCatalogueAddBooks(10, Rich Dad Poor Dad, Robert)">
                  </a> <!-- testCatalogueAddBooks(10, Rich Dad Poor Dad, Robert) -->
                  <span class="method-name">testCatalogueAddBooks</span>
                  <span class="parameters">(10, Rich Dad Poor Dad, Robert)</span>
                </div> <!-- method-content -->
              </div> <!-- method -->
              <div class="method">
                <div class="method-content">
                  <a name="testCatalogueAddBooks(13, ×›× ×¤×™ ××©, ×§××•×˜×™×œ×™×”)">
                  </a> <!-- testCatalogueAddBooks(13, ×›× ×¤×™ ××©, ×§××•×˜×™×œ×™×”) -->
                  <span class="method-name">testCatalogueAddBooks</span>
                  <span class="parameters">(13, ×›× ×¤×™ ××©, ×§××•×˜×™×œ×™×”)</span>
                </div> <!-- method-content -->
              </div> <!-- method -->
              <div class="method">
                <div class="method-content">
                  <a name="testCatalogueAddBooks(7, wings of Fire, APJ Kalam)">
                  </a> <!-- testCatalogueAddBooks(7, wings of Fire, APJ Kalam) -->
                  <span class="method-name">testCatalogueAddBooks</span>
                  <span class="parameters">(7, wings of Fire, APJ Kalam)</span>
                </div> <!-- method-content -->
              </div> <!-- method -->
              <div class="method">
                <div class="method-content">
                  <a name="testCatalogueRemoveNonExistingBook">
                  </a> <!-- testCatalogueRemoveNonExistingBook -->
                  <span class="method-name">testCatalogueRemoveNonExistingBook</span>
                </div> <!-- method-content -->
              </div> <!-- method -->
              <div class="method">
                <div class="method-content">
                  <a name="testCatalogueSearchByBookNamewhichDoesNotExist">
                  </a> <!-- testCatalogueSearchByBookNamewhichDoesNotExist -->
                  <span class="method-name">testCatalogueSearchByBookNamewhichDoesNotExist</span>
                </div> <!-- method-content -->
              </div> <!-- method -->
            </div> <!-- main-panel-content rounded-window-bottom -->
          </div> <!-- suite-Default_suite-class-passed -->
        </div> <!-- panel Default_suite -->
        <div panel-name="test-xml-Default_suite" class="panel">
          <div class="main-panel-header rounded-window-top">
            <span class="header-content">C:\Users\Swati_Deshwal\AppData\Local\Temp\testng-eclipse--862019649\testng-customsuite.xml</span>
          </div> <!-- main-panel-header rounded-window-top -->
          <div class="main-panel-content rounded-window-bottom">
            <pre>
&lt;?xml version=&quot;1.0&quot; encoding=&quot;UTF-8&quot;?&gt;
&lt;!DOCTYPE suite SYSTEM &quot;https://testng.org/testng-1.0.dtd&quot;&gt;
&lt;suite name=&quot;Default suite&quot; guice-stage=&quot;DEVELOPMENT&quot;&gt;
  &lt;test thread-count=&quot;5&quot; name=&quot;Default test&quot; verbose=&quot;2&quot;&gt;
    &lt;classes&gt;
      &lt;class name=&quot;epam.com.testautomation.testing.TestCatalogue&quot;/&gt;
    &lt;/classes&gt;
  &lt;/test&gt; &lt;!-- Default test --&gt;
&lt;/suite&gt; &lt;!-- Default suite --&gt;
            </pre>
          </div> <!-- main-panel-content rounded-window-bottom -->
        </div> <!-- panel -->
        <div panel-name="testlist-Default_suite" class="panel">
          <div class="main-panel-header rounded-window-top">
            <span class="header-content">Tests for Default suite</span>
          </div> <!-- main-panel-header rounded-window-top -->
          <div class="main-panel-content rounded-window-bottom">
            <ul>
              <li>
                <span class="test-name">Default test (1 class)</span>
              </li>
            </ul>
          </div> <!-- main-panel-content rounded-window-bottom -->
        </div> <!-- panel -->
        <div panel-name="group-Default_suite" class="panel">
          <div class="main-panel-header rounded-window-top">
            <span class="header-content">Groups for Default suite</span>
          </div> <!-- main-panel-header rounded-window-top -->
          <div class="main-panel-content rounded-window-bottom">
            <div class="test-group">
              <span class="test-group-name">Alltests</span>
              <br/>
              <div class="method-in-group">
                <span class="method-in-group-name">testARemoveNewlyAddedBook</span>
                <br/>
              </div> <!-- method-in-group -->
              <div class="method-in-group">
                <span class="method-in-group-name">testARemoveNewlyAddedBook2</span>
                <br/>
              </div> <!-- method-in-group -->
              <div class="method-in-group">
                <span class="method-in-group-name">testAddToLibraryWithSupportedObject</span>
                <br/>
              </div> <!-- method-in-group -->
              <div class="method-in-group">
                <span class="method-in-group-name">testAddToLibraryWithUnsupportedObject</span>
                <br/>
              </div> <!-- method-in-group -->
              <div class="method-in-group">
                <span class="method-in-group-name">testCatalogueAddBook</span>
                <br/>
              </div> <!-- method-in-group -->
              <div class="method-in-group">
                <span class="method-in-group-name">testCatalogueAddBooks</span>
                <br/>
              </div> <!-- method-in-group -->
              <div class="method-in-group">
                <span class="method-in-group-name">testCatalogueRemoveBook</span>
                <br/>
              </div> <!-- method-in-group -->
              <div class="method-in-group">
                <span class="method-in-group-name">testCatalogueRemoveNonExistingBook</span>
                <br/>
              </div> <!-- method-in-group -->
              <div class="method-in-group">
                <span class="method-in-group-name">testCatalogueSearchByAuthorname</span>
                <br/>
              </div> <!-- method-in-group -->
              <div class="method-in-group">
                <span class="method-in-group-name">testCatalogueSearchByAuthornameWhchDoesNotExist</span>
                <br/>
              </div> <!-- method-in-group -->
              <div class="method-in-group">
                <span class="method-in-group-name">testCatalogueSearchByBookName</span>
                <br/>
              </div> <!-- method-in-group -->
              <div class="method-in-group">
                <span class="method-in-group-name">testCatalogueSearchByBookNamePara</span>
                <br/>
              </div> <!-- method-in-group -->
              <div class="method-in-group">
                <span class="method-in-group-name">testCatalogueSearchByBookNamewhichDoesNotExist</span>
                <br/>
              </div> <!-- method-in-group -->
            </div> <!-- test-group -->
            <div class="test-group">
              <span class="test-group-name">basicOperation</span>
              <br/>
              <div class="method-in-group">
                <span class="method-in-group-name">testAddToLibraryWithSupportedObject</span>
                <br/>
              </div> <!-- method-in-group -->
              <div class="method-in-group">
                <span class="method-in-group-name">testCatalogueAddBook</span>
                <br/>
              </div> <!-- method-in-group -->
              <div class="method-in-group">
                <span class="method-in-group-name">testCatalogueAddBooks</span>
                <br/>
              </div> <!-- method-in-group -->
              <div class="method-in-group">
                <span class="method-in-group-name">testCatalogueRemoveBook</span>
                <br/>
              </div> <!-- method-in-group -->
              <div class="method-in-group">
                <span class="method-in-group-name">testCatalogueRemoveNonExistingBook</span>
                <br/>
              </div> <!-- method-in-group -->
            </div> <!-- test-group -->
          </div> <!-- main-panel-content rounded-window-bottom -->
        </div> <!-- panel -->
        <div panel-name="times-Default_suite" class="panel">
          <div class="main-panel-header rounded-window-top">
            <span class="header-content">Times for Default suite</span>
          </div> <!-- main-panel-header rounded-window-top -->
          <div class="main-panel-content rounded-window-bottom">
            <div class="times-div">
              <script type="text/javascript">
suiteTableInitFunctions.push('tableData_Default_suite');
function tableData_Default_suite() {
var data = new google.visualization.DataTable();
data.addColumn('number', 'Number');
data.addColumn('string', 'Method');
data.addColumn('string', 'Class');
data.addColumn('number', 'Time (ms)');
data.addRows(23);
data.setCell(0, 0, 0)
data.setCell(0, 1, 'testCatalogueAddBooks')
data.setCell(0, 2, 'epam.com.testautomation.testing.TestCatalogue')
data.setCell(0, 3, 14);
data.setCell(1, 0, 1)
data.setCell(1, 1, 'testCatalogueAddBook')
data.setCell(1, 2, 'epam.com.testautomation.testing.TestCatalogue')
data.setCell(1, 3, 11);
data.setCell(2, 0, 2)
data.setCell(2, 1, 'testCatalogueRemoveBook')
data.setCell(2, 2, 'epam.com.testautomation.testing.TestCatalogue')
data.setCell(2, 3, 9);
data.setCell(3, 0, 3)
data.setCell(3, 1, 'testCatalogueAddBooks')
data.setCell(3, 2, 'epam.com.testautomation.testing.TestCatalogue')
data.setCell(3, 3, 8);
data.setCell(4, 0, 4)
data.setCell(4, 1, 'testAddToLibraryWithUnsupportedObject')
data.setCell(4, 2, 'epam.com.testautomation.testing.TestCatalogue')
data.setCell(4, 3, 8);
data.setCell(5, 0, 5)
data.setCell(5, 1, 'testCatalogueAddBooks')
data.setCell(5, 2, 'epam.com.testautomation.testing.TestCatalogue')
data.setCell(5, 3, 6);
data.setCell(6, 0, 6)
data.setCell(6, 1, 'testCatalogueRemoveNonExistingBook')
data.setCell(6, 2, 'epam.com.testautomation.testing.TestCatalogue')
data.setCell(6, 3, 5);
data.setCell(7, 0, 7)
data.setCell(7, 1, 'testCatalogueAddBooks')
data.setCell(7, 2, 'epam.com.testautomation.testing.TestCatalogue')
data.setCell(7, 3, 4);
data.setCell(8, 0, 8)
data.setCell(8, 1, 'testCatalogueAddBooks')
data.setCell(8, 2, 'epam.com.testautomation.testing.TestCatalogue')
data.setCell(8, 3, 4);
data.setCell(9, 0, 9)
data.setCell(9, 1, 'testCatalogueAddBooks')
data.setCell(9, 2, 'epam.com.testautomation.testing.TestCatalogue')
data.setCell(9, 3, 4);
data.setCell(10, 0, 10)
data.setCell(10, 1, 'testCatalogueSearchByAuthorname')
data.setCell(10, 2, 'epam.com.testautomation.testing.TestCatalogue')
data.setCell(10, 3, 4);
data.setCell(11, 0, 11)
data.setCell(11, 1, 'testCatalogueAddBooks')
data.setCell(11, 2, 'epam.com.testautomation.testing.TestCatalogue')
data.setCell(11, 3, 3);
data.setCell(12, 0, 12)
data.setCell(12, 1, 'testCatalogueAddBooks')
data.setCell(12, 2, 'epam.com.testautomation.testing.TestCatalogue')
data.setCell(12, 3, 3);
data.setCell(13, 0, 13)
data.setCell(13, 1, 'testCatalogueAddBooks')
data.setCell(13, 2, 'epam.com.testautomation.testing.TestCatalogue')
data.setCell(13, 3, 3);
data.setCell(14, 0, 14)
data.setCell(14, 1, 'testCatalogueAddBooks')
data.setCell(14, 2, 'epam.com.testautomation.testing.TestCatalogue')
data.setCell(14, 3, 3);
data.setCell(15, 0, 15)
data.setCell(15, 1, 'testCatalogueSearchByBookNamewhichDoesNotExist')
data.setCell(15, 2, 'epam.com.testautomation.testing.TestCatalogue')
data.setCell(15, 3, 3);
data.setCell(16, 0, 16)
data.setCell(16, 1, 'testCatalogueSearchByAuthornameWhchDoesNotExist')
data.setCell(16, 2, 'epam.com.testautomation.testing.TestCatalogue')
data.setCell(16, 3, 3);
data.setCell(17, 0, 17)
data.setCell(17, 1, 'testCatalogueAddBooks')
data.setCell(17, 2, 'epam.com.testautomation.testing.TestCatalogue')
data.setCell(17, 3, 2);
data.setCell(18, 0, 18)
data.setCell(18, 1, 'testAddToLibraryWithSupportedObject')
data.setCell(18, 2, 'epam.com.testautomation.testing.TestCatalogue')
data.setCell(18, 3, 2);
data.setCell(19, 0, 19)
data.setCell(19, 1, 'testCatalogueSearchByBookName')
data.setCell(19, 2, 'epam.com.testautomation.testing.TestCatalogue')
data.setCell(19, 3, 2);
data.setCell(20, 0, 20)
data.setCell(20, 1, 'testARemoveNewlyAddedBook')
data.setCell(20, 2, 'epam.com.testautomation.testing.TestCatalogue')
data.setCell(20, 3, 1);
data.setCell(21, 0, 21)
data.setCell(21, 1, 'testCatalogueSearchByBookNamePara')
data.setCell(21, 2, 'epam.com.testautomation.testing.TestCatalogue')
data.setCell(21, 3, 0);
data.setCell(22, 0, 22)
data.setCell(22, 1, 'testARemoveNewlyAddedBook2')
data.setCell(22, 2, 'epam.com.testautomation.testing.TestCatalogue')
data.setCell(22, 3, 0);
window.suiteTableData['Default_suite']= { tableData: data, tableDiv: 'times-div-Default_suite'}
return data;
}
              </script>
              <span class="suite-total-time">Total running time: 102 ms</span>
              <div id="times-div-Default_suite">
              </div> <!-- times-div-Default_suite -->
            </div> <!-- times-div -->
          </div> <!-- main-panel-content rounded-window-bottom -->
        </div> <!-- panel -->
        <div panel-name="reporter-Default_suite" class="panel">
          <div class="main-panel-header rounded-window-top">
            <span class="header-content">Reporter output for Default suite</span>
          </div> <!-- main-panel-header rounded-window-top -->
          <div class="main-panel-content rounded-window-bottom">
          </div> <!-- main-panel-content rounded-window-bottom -->
        </div> <!-- panel -->
        <div panel-name="ignored-methods-Default_suite" class="panel">
          <div class="main-panel-header rounded-window-top">
            <span class="header-content">0 ignored methods</span>
          </div> <!-- main-panel-header rounded-window-top -->
          <div class="main-panel-content rounded-window-bottom">
          </div> <!-- main-panel-content rounded-window-bottom -->
        </div> <!-- panel -->
        <div panel-name="chronological-Default_suite" class="panel">
          <div class="main-panel-header rounded-window-top">
            <span class="header-content">Methods in chronological order</span>
          </div> <!-- main-panel-header rounded-window-top -->
          <div class="main-panel-content rounded-window-bottom">
            <div class="chronological-class">
              <div class="chronological-class-name">epam.com.testautomation.testing.TestCatalogue</div> <!-- chronological-class-name -->
              <div class="test-method">
                <span class="method-name">initializeLibrary</span>
                <span class="method-start">0 ms</span>
              </div> <!-- test-method -->
              <div class="test-method">
                <img src="failed.png">
                </img>
                <span class="method-name">testAddToLibraryWithUnsupportedObject</span>
                <span class="method-start">17 ms</span>
              </div> <!-- test-method -->
              <div class="test-method">
                <span class="method-name">initializeLibrary</span>
                <span class="method-start">41 ms</span>
              </div> <!-- test-method -->
              <div class="test-method">
                <span class="method-name">testCatalogueAddBook</span>
                <span class="method-start">42 ms</span>
              </div> <!-- test-method -->
              <div class="test-method">
                <span class="method-name">testCatalogueAddBooks(epam.com.testautomation.testing.Book@359df09a)</span>
                <span class="method-start">65 ms</span>
              </div> <!-- test-method -->
              <div class="test-method">
                <span class="method-name">testCatalogueAddBooks(6, Harry Potter, J K Rowling)</span>
                <span class="method-start">74 ms</span>
              </div> <!-- test-method -->
              <div class="test-method">
                <span class="method-name">testCatalogueAddBooks(7, wings of Fire, APJ Kalam)</span>
                <span class="method-start">91 ms</span>
              </div> <!-- test-method -->
              <div class="test-method">
                <span class="method-name">testCatalogueAddBooks(8, Believe, Suresh Raina)</span>
                <span class="method-start">105 ms</span>
              </div> <!-- test-method -->
              <div class="test-method">
                <span class="method-name">testCatalogueAddBooks(9, Psycology of Money, Morgan)</span>
                <span class="method-start">118 ms</span>
              </div> <!-- test-method -->
              <div class="test-method">
                <span class="method-name">testCatalogueAddBooks(10, Rich Dad Poor Dad, Robert)</span>
                <span class="method-start">127 ms</span>
              </div> <!-- test-method -->
              <div class="test-method">
                <span class="method-name">testCatalogueAddBooks(11, Zero to One, Peter)</span>
                <span class="method-start">135 ms</span>
              </div> <!-- test-method -->
              <div class="test-method">
                <span class="method-name">testCatalogueAddBooks(12, Arthshashtra, Kautilaya)</span>
                <span class="method-start">139 ms</span>
              </div> <!-- test-method -->
              <div class="test-method">
                <span class="method-name">testCatalogueAddBooks(13, ×›× ×¤×™ ××©, ×§××•×˜×™×œ×™×”)</span>
                <span class="method-start">144 ms</span>
              </div> <!-- test-method -->
              <div class="test-method">
                <span class="method-name">testCatalogueAddBooks(14, ã‚«ã‚¦ãƒ†ã‚£ãƒ©ãƒ¤, ã‚«ã‚¦ãƒ†ã‚£ãƒ©ãƒ¤)</span>
                <span class="method-start">154 ms</span>
              </div> <!-- test-method -->
              <div class="test-method">
                <span class="method-name">testCatalogueAddBooks(15, è€ƒææ‹‰äºž, è€ƒææ‹‰äºž)</span>
                <span class="method-start">159 ms</span>
              </div> <!-- test-method -->
              <div class="test-method">
                <span class="method-name">testCatalogueRemoveNonExistingBook</span>
                <span class="method-start">170 ms</span>
              </div> <!-- test-method -->
              <div class="test-method">
                <img src="failed.png">
                </img>
                <span class="method-name">testCatalogueSearchByAuthorname</span>
                <span class="method-start">180 ms</span>
              </div> <!-- test-method -->
              <div class="test-method">
                <img src="failed.png">
                </img>
                <span class="method-name">testCatalogueSearchByAuthornameWhchDoesNotExist</span>
                <span class="method-start">191 ms</span>
              </div> <!-- test-method -->
              <div class="test-method">
                <img src="failed.png">
                </img>
                <span class="method-name">testCatalogueSearchByBookName</span>
                <span class="method-start">202 ms</span>
              </div> <!-- test-method -->
              <div class="test-method">
                <span class="method-name">testAddToLibraryWithSupportedObject</span>
                <span class="method-start">217 ms</span>
              </div> <!-- test-method -->
              <div class="test-method">
                <img src="failed.png">
                </img>
                <span class="method-name">testCatalogueRemoveBook</span>
                <span class="method-start">222 ms</span>
              </div> <!-- test-method -->
              <div class="test-method">
                <span class="method-name">testCatalogueSearchByBookNamewhichDoesNotExist</span>
                <span class="method-start">243 ms</span>
              </div> <!-- test-method -->
              <div class="test-method">
                <span class="method-name">testARemoveNewlyAddedBook2</span>
                <span class="method-start">271 ms</span>
              </div> <!-- test-method -->
              <div class="test-method">
                <img src="failed.png">
                </img>
                <span class="method-name">testARemoveNewlyAddedBook</span>
                <span class="method-start">290 ms</span>
              </div> <!-- test-method -->
          </div> <!-- main-panel-content rounded-window-bottom -->
        </div> <!-- panel -->
      </div> <!-- main-panel-root -->
    </div> <!-- wrapper -->
  </body>
<script type="text/javascript" src="testng-reports2.js"></script>
</html>
