<?xml version="1.0" encoding="UTF-8"?>
<!-- Generated by org.testng.reporters.JUnitXMLReporter -->
<testsuite ignored="0" hostname="EPINPUNW039D" failures="7" tests="23" name="libraryFunction" time="0.168" errors="0" timestamp="2022-02-09T15:42:21 IST">
  <testcase classname="epam.com.testautomation.testing.TestCatalogue" name="testAddToLibraryWithUnsupportedObject" time="0.007">
    <failure type="org.testng.TestException" message="
Expected exception of type class epam.com.testautomation.testing.LibraryObject but got java.lang.Exception">
      <![CDATA[org.testng.TestException: 
Expected exception of type class epam.com.testautomation.testing.LibraryObject but got java.lang.Exception
at java.base/java.util.ArrayList.forEach(ArrayList.java:1511)
Caused by: java.lang.Exception
at epam.com.testautomation.testing.Catalogue.addToLibrary(Catalogue.java:105)
at epam.com.testautomation.testing.TestCatalogue.testAddToLibraryWithUnsupportedObject(TestCatalogue.java:138)
... 22 more
... Removed 30 stack frames]]>
    </failure>
  </testcase> <!-- testAddToLibraryWithUnsupportedObject -->
  <testcase classname="epam.com.testautomation.testing.TestCatalogue" name="testCatalogueAddBook" time="0.005"/>
  <testcase classname="epam.com.testautomation.testing.TestCatalogue" name="testCatalogueAddBooks" time="0.002"/>
  <testcase classname="epam.com.testautomation.testing.TestCatalogue" name="testCatalogueAddBooks" time="0.002"/>
  <testcase classname="epam.com.testautomation.testing.TestCatalogue" name="testCatalogueAddBooks" time="0.003"/>
  <testcase classname="epam.com.testautomation.testing.TestCatalogue" name="testCatalogueAddBooks" time="0.002"/>
  <testcase classname="epam.com.testautomation.testing.TestCatalogue" name="testCatalogueAddBooks" time="0.001"/>
  <testcase classname="epam.com.testautomation.testing.TestCatalogue" name="testCatalogueAddBooks" time="0.002"/>
  <testcase classname="epam.com.testautomation.testing.TestCatalogue" name="testCatalogueAddBooks" time="0.001"/>
  <testcase classname="epam.com.testautomation.testing.TestCatalogue" name="testCatalogueAddBooks" time="0.001"/>
  <testcase classname="epam.com.testautomation.testing.TestCatalogue" name="testCatalogueAddBooks" time="0.003"/>
  <testcase classname="epam.com.testautomation.testing.TestCatalogue" name="testCatalogueAddBooks" time="0.001"/>
  <testcase classname="epam.com.testautomation.testing.TestCatalogue" name="testCatalogueAddBooks" time="0.002"/>
  <testcase classname="epam.com.testautomation.testing.TestCatalogue" name="testCatalogueRemoveNonExistingBook" time="0.001"/>
  <testcase classname="epam.com.testautomation.testing.TestCatalogue" name="testCatalogueSearchByAuthorname" time="0.002">
    <failure type="java.lang.NullPointerException" message="Cannot invoke &amp;quot;String.contains(java.lang.CharSequence)&amp;quot; because the return value of &amp;quot;epam.com.testautomation.testing.Book.getNameOfTheBook()&amp;quot; is null">
      <![CDATA[java.lang.NullPointerException: Cannot invoke "String.contains(java.lang.CharSequence)" because the return value of "epam.com.testautomation.testing.Book.getNameOfTheBook()" is null
at epam.com.testautomation.testing.Catalogue.searchBook(Catalogue.java:94)
at epam.com.testautomation.testing.TestCatalogue.testCatalogueSearchByAuthorname(TestCatalogue.java:98)
at java.base/java.util.ArrayList.forEach(ArrayList.java:1511)
... Removed 27 stack frames]]>
    </failure>
  </testcase> <!-- testCatalogueSearchByAuthorname -->
  <testcase classname="epam.com.testautomation.testing.TestCatalogue" name="testCatalogueSearchByAuthornameWhchDoesNotExist" time="0.003">
    <failure type="java.lang.NullPointerException" message="Cannot invoke &amp;quot;String.contains(java.lang.CharSequence)&amp;quot; because the return value of &amp;quot;epam.com.testautomation.testing.Book.getNameOfTheBook()&amp;quot; is null">
      <![CDATA[java.lang.NullPointerException: Cannot invoke "String.contains(java.lang.CharSequence)" because the return value of "epam.com.testautomation.testing.Book.getNameOfTheBook()" is null
at epam.com.testautomation.testing.Catalogue.searchBook(Catalogue.java:94)
at epam.com.testautomation.testing.TestCatalogue.testCatalogueSearchByAuthornameWhchDoesNotExist(TestCatalogue.java:107)
at java.base/java.util.ArrayList.forEach(ArrayList.java:1511)
... Removed 27 stack frames]]>
    </failure>
  </testcase> <!-- testCatalogueSearchByAuthornameWhchDoesNotExist -->
  <testcase classname="epam.com.testautomation.testing.TestCatalogue" name="testCatalogueSearchByBookName" time="0.001">
    <failure type="java.lang.NullPointerException" message="Cannot invoke &amp;quot;String.contains(java.lang.CharSequence)&amp;quot; because the return value of &amp;quot;epam.com.testautomation.testing.Book.getNameOfTheBook()&amp;quot; is null">
      <![CDATA[java.lang.NullPointerException: Cannot invoke "String.contains(java.lang.CharSequence)" because the return value of "epam.com.testautomation.testing.Book.getNameOfTheBook()" is null
at epam.com.testautomation.testing.Catalogue.searchBook(Catalogue.java:94)
at epam.com.testautomation.testing.TestCatalogue.testCatalogueSearchByBookName(TestCatalogue.java:80)
at java.base/java.util.ArrayList.forEach(ArrayList.java:1511)
... Removed 27 stack frames]]>
    </failure>
  </testcase> <!-- testCatalogueSearchByBookName -->
  <testcase classname="epam.com.testautomation.testing.TestCatalogue" name="testCatalogueSearchByBookNamePara" time="0.0">
    <failure type="org.testng.TestNGException" message="
Parameter &amp;apos;searchStr&amp;apos; is required by @Test on method testCatalogueSearchByBookNamePara but has not been marked @Optional or defined
in C:\Users\Swati_Deshwal\TestAutomation\testautomation\testingLib.xml">
      <![CDATA[org.testng.TestNGException: 
Parameter 'searchStr' is required by @Test on method testCatalogueSearchByBookNamePara but has not been marked @Optional or defined
in C:\Users\Swati_Deshwal\TestAutomation\testautomation\testingLib.xml
at java.base/java.util.ArrayList.forEach(ArrayList.java:1511)
... Removed 26 stack frames]]>
    </failure>
  </testcase> <!-- testCatalogueSearchByBookNamePara -->
  <testcase classname="epam.com.testautomation.testing.TestCatalogue" name="testAddToLibraryWithSupportedObject" time="0.001"/>
  <testcase classname="epam.com.testautomation.testing.TestCatalogue" name="testCatalogueRemoveBook" time="0.002">
    <failure type="java.lang.AssertionError" message="expected [15] but found [0]">
      <![CDATA[java.lang.AssertionError: expected [15] but found [0]
at epam.com.testautomation.testing.TestCatalogue.testCatalogueRemoveBook(TestCatalogue.java:62)
at java.base/java.util.ArrayList.forEach(ArrayList.java:1511)
... Removed 33 stack frames]]>
    </failure>
  </testcase> <!-- testCatalogueRemoveBook -->
  <testcase classname="epam.com.testautomation.testing.TestCatalogue" name="testCatalogueSearchByBookNamewhichDoesNotExist" time="0.002"/>
  <testcase classname="epam.com.testautomation.testing.TestCatalogue" name="testARemoveNewlyAddedBook2" time="0.001">
    <skipped/>
  </testcase> <!-- testARemoveNewlyAddedBook2 -->
  <testcase classname="epam.com.testautomation.testing.TestCatalogue" name="testARemoveNewlyAddedBook" time="0.001">
    <failure type="java.lang.AssertionError" message="expected [-1] but found [0]">
      <![CDATA[java.lang.AssertionError: expected [-1] but found [0]
at epam.com.testautomation.testing.TestCatalogue.testARemoveNewlyAddedBook(TestCatalogue.java:153)
at java.base/java.util.ArrayList.forEach(ArrayList.java:1511)
... Removed 33 stack frames]]>
    </failure>
  </testcase> <!-- testARemoveNewlyAddedBook -->
</testsuite> <!-- libraryFunction -->
